<?xml version="1.0" encoding="UTF-8"?>
<!-- Generated by org.testng.reporters.JUnitReportReporter -->
<testsuite hostname="DESKTOP-65HJ227" failures="0" tests="1" name="inventoryModule.AddProducts_Test" time="4.530" errors="0" timestamp="2025-05-09T16:32:56 IST" skipped="0">
  <testcase classname="inventoryModule.AddProducts_Test" name="addproducts" time="4.530"/>
</testsuite> <!-- inventoryModule.AddProducts_Test -->
