<?xml version="1.0" encoding="UTF-8"?>
<!-- Generated by org.testng.reporters.JUnitReportReporter -->
<testsuite hostname="DESKTOP-65HJ227" failures="0" tests="1" name="inventoryModule.UploadProductsTest" time="7.990" errors="0" timestamp="2025-05-09T16:36:28 IST" skipped="0">
  <testcase classname="inventoryModule.UploadProductsTest" name="uploadProducts" time="7.990"/>
</testsuite> <!-- inventoryModule.UploadProductsTest -->
